<<<<<<< HEAD
c:\users\swayam\source\repos\bluenovember\bluenovember\x64\debug\vc143.pdb
c:\users\swayam\source\repos\bluenovember\bluenovember\x64\debug\main.obj
c:\users\swayam\source\repos\bluenovember\x64\debug\bluenovember\bluenovember.cat
c:\users\swayam\source\repos\bluenovember\x64\debug\bluenovember.sys
c:\users\swayam\source\repos\bluenovember\x64\debug\bluenovember.pdb
c:\users\swayam\source\repos\bluenovember\bluenovember\x64\debug\bluenovember.inf
c:\users\swayam\source\repos\bluenovember\x64\debug\bluenovember.cer
c:\users\swayam\source\repos\bluenovember\x64\debug\bluenovember.inf
c:\users\swayam\source\repos\bluenovember\bluenovember\x64\debug\bluenovember.tlog\cl.command.1.tlog
c:\users\swayam\source\repos\bluenovember\bluenovember\x64\debug\bluenovember.tlog\cl.items.tlog
c:\users\swayam\source\repos\bluenovember\bluenovember\x64\debug\bluenovember.tlog\cl.read.1.tlog
c:\users\swayam\source\repos\bluenovember\bluenovember\x64\debug\bluenovember.tlog\cl.write.1.tlog
c:\users\swayam\source\repos\bluenovember\bluenovember\x64\debug\bluenovember.tlog\inf2cat-expand.2796.read.1.tlog
c:\users\swayam\source\repos\bluenovember\bluenovember\x64\debug\bluenovember.tlog\inf2cat-expand.2796.write.1.tlog
c:\users\swayam\source\repos\bluenovember\bluenovember\x64\debug\bluenovember.tlog\inf2cat-expand.3808.read.1.tlog
c:\users\swayam\source\repos\bluenovember\bluenovember\x64\debug\bluenovember.tlog\inf2cat-expand.3808.write.1.tlog
c:\users\swayam\source\repos\bluenovember\bluenovember\x64\debug\bluenovember.tlog\inf2cat-expand.5700.read.1.tlog
c:\users\swayam\source\repos\bluenovember\bluenovember\x64\debug\bluenovember.tlog\inf2cat-expand.5700.write.1.tlog
c:\users\swayam\source\repos\bluenovember\bluenovember\x64\debug\bluenovember.tlog\inf2cat-expand.5892.read.1.tlog
c:\users\swayam\source\repos\bluenovember\bluenovember\x64\debug\bluenovember.tlog\inf2cat-expand.5892.write.1.tlog
c:\users\swayam\source\repos\bluenovember\bluenovember\x64\debug\bluenovember.tlog\inf2cat-expand.6668.read.1.tlog
c:\users\swayam\source\repos\bluenovember\bluenovember\x64\debug\bluenovember.tlog\inf2cat-expand.6668.write.1.tlog
c:\users\swayam\source\repos\bluenovember\bluenovember\x64\debug\bluenovember.tlog\inf2cat-expand.7204.read.1.tlog
c:\users\swayam\source\repos\bluenovember\bluenovember\x64\debug\bluenovember.tlog\inf2cat-expand.7204.write.1.tlog
c:\users\swayam\source\repos\bluenovember\bluenovember\x64\debug\bluenovember.tlog\inf2cat-expand.7340.read.1.tlog
c:\users\swayam\source\repos\bluenovember\bluenovember\x64\debug\bluenovember.tlog\inf2cat-expand.7340.write.1.tlog
c:\users\swayam\source\repos\bluenovember\bluenovember\x64\debug\bluenovember.tlog\inf2cat-expand.7632.read.1.tlog
c:\users\swayam\source\repos\bluenovember\bluenovember\x64\debug\bluenovember.tlog\inf2cat-expand.7632.write.1.tlog
c:\users\swayam\source\repos\bluenovember\bluenovember\x64\debug\bluenovember.tlog\inf2cat-expand.8172.read.1.tlog
c:\users\swayam\source\repos\bluenovember\bluenovember\x64\debug\bluenovember.tlog\inf2cat-expand.8172.write.1.tlog
c:\users\swayam\source\repos\bluenovember\bluenovember\x64\debug\bluenovember.tlog\inf2cat-expand.8188.read.1.tlog
c:\users\swayam\source\repos\bluenovember\bluenovember\x64\debug\bluenovember.tlog\inf2cat-expand.8188.write.1.tlog
c:\users\swayam\source\repos\bluenovember\bluenovember\x64\debug\bluenovember.tlog\inf2cat-expand.8308.read.1.tlog
c:\users\swayam\source\repos\bluenovember\bluenovember\x64\debug\bluenovember.tlog\inf2cat-expand.8308.write.1.tlog
c:\users\swayam\source\repos\bluenovember\bluenovember\x64\debug\bluenovember.tlog\inf2cat-expand.read.1.tlog
c:\users\swayam\source\repos\bluenovember\bluenovember\x64\debug\bluenovember.tlog\inf2cat-expand.write.1.tlog
c:\users\swayam\source\repos\bluenovember\bluenovember\x64\debug\bluenovember.tlog\inf2cat.command.1.tlog
c:\users\swayam\source\repos\bluenovember\bluenovember\x64\debug\bluenovember.tlog\inf2cat.read.1.tlog
c:\users\swayam\source\repos\bluenovember\bluenovember\x64\debug\bluenovember.tlog\inf2cat.write.1.tlog
c:\users\swayam\source\repos\bluenovember\bluenovember\x64\debug\bluenovember.tlog\link.command.1.tlog
c:\users\swayam\source\repos\bluenovember\bluenovember\x64\debug\bluenovember.tlog\link.read.1.tlog
c:\users\swayam\source\repos\bluenovember\bluenovember\x64\debug\bluenovember.tlog\link.write.1.tlog
c:\users\swayam\source\repos\bluenovember\bluenovember\x64\debug\bluenovember.tlog\signtool.command.1.tlog
c:\users\swayam\source\repos\bluenovember\bluenovember\x64\debug\bluenovember.tlog\signtool.read.1.tlog
c:\users\swayam\source\repos\bluenovember\bluenovember\x64\debug\bluenovember.tlog\signtool.timestamp.1.tlog
c:\users\swayam\source\repos\bluenovember\bluenovember\x64\debug\bluenovember.tlog\signtool.write.1.tlog
c:\users\swayam\source\repos\bluenovember\bluenovember\x64\debug\bluenovember.tlog\stampinf.command.1.tlog
c:\users\swayam\source\repos\bluenovember\bluenovember\x64\debug\bluenovember.tlog\stampinf.read.1.tlog
c:\users\swayam\source\repos\bluenovember\bluenovember\x64\debug\bluenovember.tlog\stampinf.write.1.tlog
=======
>>>>>>> 3290521fc2f6308d5d4beb255e1b6dbb2f55bf16
